<?xml version="1.0" encoding="UTF-8"?>
<testsuite name="TestSuite" time="380.172" tests="1" errors="0" skipped="0" failures="1">
  <properties>
    <property name="java.runtime.name" value="Java(TM) SE Runtime Environment"/>
    <property name="sun.boot.library.path" value="/Library/Java/JavaVirtualMachines/jdk1.8.0_161.jdk/Contents/Home/jre/lib"/>
    <property name="java.vm.version" value="25.161-b12"/>
    <property name="user.country.format" value="IN"/>
    <property name="gopherProxySet" value="false"/>
    <property name="java.vm.vendor" value="Oracle Corporation"/>
    <property name="maven.multiModuleProjectDirectory" value="/Users/indianic/Documents/workspace/Quickee_Appium_Framework"/>
    <property name="java.vendor.url" value="http://java.oracle.com/"/>
    <property name="path.separator" value=":"/>
    <property name="guice.disable.misplaced.annotation.check" value="true"/>
    <property name="java.vm.name" value="Java HotSpot(TM) 64-Bit Server VM"/>
    <property name="file.encoding.pkg" value="sun.io"/>
    <property name="user.country" value="US"/>
    <property name="sun.java.launcher" value="SUN_STANDARD"/>
    <property name="sun.os.patch.level" value="unknown"/>
    <property name="java.vm.specification.name" value="Java Virtual Machine Specification"/>
    <property name="user.dir" value="/Users/indianic/Documents/workspace/Quickee_Appium_Framework"/>
    <property name="java.runtime.version" value="1.8.0_161-b12"/>
    <property name="java.awt.graphicsenv" value="sun.awt.CGraphicsEnvironment"/>
    <property name="java.endorsed.dirs" value="/Library/Java/JavaVirtualMachines/jdk1.8.0_161.jdk/Contents/Home/jre/lib/endorsed"/>
    <property name="os.arch" value="x86_64"/>
    <property name="java.io.tmpdir" value="/var/folders/fd/nzsbw3mj3710c48wsw9b0kj00000gn/T/"/>
    <property name="line.separator" value="&#10;"/>
    <property name="java.vm.specification.vendor" value="Oracle Corporation"/>
    <property name="os.name" value="Mac OS X"/>
    <property name="classworlds.conf" value="/Users/indianic/Documents/workspace/.metadata/.plugins/org.eclipse.m2e.launching/launches/m2conf3459791552903886749.tmp"/>
    <property name="sun.jnu.encoding" value="UTF-8"/>
    <property name="java.library.path" value="/Users/indianic/Library/Java/Extensions:/Library/Java/Extensions:/Network/Library/Java/Extensions:/System/Library/Java/Extensions:/usr/lib/java:."/>
    <property name="java.specification.name" value="Java Platform API Specification"/>
    <property name="java.class.version" value="52.0"/>
    <property name="sun.management.compiler" value="HotSpot 64-Bit Tiered Compilers"/>
    <property name="os.version" value="10.11.6"/>
    <property name="http.nonProxyHosts" value="local|*.local|169.254/16|*.169.254/16"/>
    <property name="user.home" value="/Users/indianic"/>
    <property name="user.timezone" value="Asia/Kolkata"/>
    <property name="java.awt.printerjob" value="sun.lwawt.macosx.CPrinterJob"/>
    <property name="java.specification.version" value="1.8"/>
    <property name="file.encoding" value="UTF-8"/>
    <property name="user.name" value="indianic"/>
    <property name="java.class.path" value="/Users/indianic/Desktop/Eclipse.app/Contents/Eclipse/plugins/org.eclipse.m2e.maven.runtime_1.6.2.20150902-0001/jars/plexus-classworlds-2.5.2.jar"/>
    <property name="java.vm.specification.version" value="1.8"/>
    <property name="sun.arch.data.model" value="64"/>
    <property name="java.home" value="/Library/Java/JavaVirtualMachines/jdk1.8.0_161.jdk/Contents/Home/jre"/>
    <property name="sun.java.command" value="org.codehaus.plexus.classworlds.launcher.Launcher -B test"/>
    <property name="java.specification.vendor" value="Oracle Corporation"/>
    <property name="user.language" value="en"/>
    <property name="awt.toolkit" value="sun.lwawt.macosx.LWCToolkit"/>
    <property name="java.vm.info" value="mixed mode"/>
    <property name="java.version" value="1.8.0_161"/>
    <property name="java.ext.dirs" value="/Users/indianic/Library/Java/Extensions:/Library/Java/JavaVirtualMachines/jdk1.8.0_161.jdk/Contents/Home/jre/lib/ext:/Library/Java/Extensions:/Network/Library/Java/Extensions:/System/Library/Java/Extensions:/usr/lib/java"/>
    <property name="sun.boot.class.path" value="/Library/Java/JavaVirtualMachines/jdk1.8.0_161.jdk/Contents/Home/jre/lib/resources.jar:/Library/Java/JavaVirtualMachines/jdk1.8.0_161.jdk/Contents/Home/jre/lib/rt.jar:/Library/Java/JavaVirtualMachines/jdk1.8.0_161.jdk/Contents/Home/jre/lib/sunrsasign.jar:/Library/Java/JavaVirtualMachines/jdk1.8.0_161.jdk/Contents/Home/jre/lib/jsse.jar:/Library/Java/JavaVirtualMachines/jdk1.8.0_161.jdk/Contents/Home/jre/lib/jce.jar:/Library/Java/JavaVirtualMachines/jdk1.8.0_161.jdk/Contents/Home/jre/lib/charsets.jar:/Library/Java/JavaVirtualMachines/jdk1.8.0_161.jdk/Contents/Home/jre/lib/jfr.jar:/Library/Java/JavaVirtualMachines/jdk1.8.0_161.jdk/Contents/Home/jre/classes"/>
    <property name="java.vendor" value="Oracle Corporation"/>
    <property name="maven.home" value="/Users/indianic/Documents/workspace/Quickee_Appium_Framework/EMBEDDED"/>
    <property name="file.separator" value="/"/>
    <property name="java.vendor.url.bug" value="http://bugreport.sun.com/bugreport/"/>
    <property name="sun.cpu.endian" value="little"/>
    <property name="sun.io.unicode.encoding" value="UnicodeBig"/>
    <property name="socksNonProxyHosts" value="local|*.local|169.254/16|*.169.254/16"/>
    <property name="ftp.nonProxyHosts" value="local|*.local|169.254/16|*.169.254/16"/>
    <property name="sun.cpu.isalist" value=""/>
  </properties>
  <testcase name="feature" classname="com.quickee.steps.RunCuke" time="380.172">
    <failure message="org.openqa.selenium.NoSuchElementException: Can&apos;t locate an element by this strategy: Locator map: &#10;- native content: &quot;By.id: ButtonMore0&quot; &#10;- html content: &quot;by id or name &quot;More_icon&quot;&quot;&#10;For documentation on this error, please visit: http://seleniumhq.org/exceptions/no_such_element.html&#10;Build info: version: &apos;2.53.0&apos;, revision: &apos;35ae25b1534ae328c771e0856c93e187490ca824&apos;, time: &apos;2016-03-15 10:43:46&apos;&#10;System info: host: &apos;ind126.local&apos;, ip: &apos;10.2.6.73&apos;, os.name: &apos;Mac OS X&apos;, os.arch: &apos;x86_64&apos;, os.version: &apos;10.11.6&apos;, java.version: &apos;1.8.0_161&apos;&#10;Driver info: driver.version: unknown" type="cucumber.runtime.CucumberException"><![CDATA[cucumber.runtime.CucumberException: org.openqa.selenium.NoSuchElementException: Can't locate an element by this strategy: Locator map: 
- native content: "By.id: ButtonMore0" 
- html content: "by id or name "More_icon""
For documentation on this error, please visit: http://seleniumhq.org/exceptions/no_such_element.html
Build info: version: '2.53.0', revision: '35ae25b1534ae328c771e0856c93e187490ca824', time: '2016-03-15 10:43:46'
System info: host: 'ind126.local', ip: '10.2.6.73', os.name: 'Mac OS X', os.arch: 'x86_64', os.version: '10.11.6', java.version: '1.8.0_161'
Driver info: driver.version: unknown
	at cucumber.api.testng.TestNGCucumberRunner.runCucumber(TestNGCucumberRunner.java:69)
	at cucumber.api.testng.AbstractTestNGCucumberTests.feature(AbstractTestNGCucumberTests.java:21)
	at sun.reflect.NativeMethodAccessorImpl.invoke0(Native Method)
	at sun.reflect.NativeMethodAccessorImpl.invoke(NativeMethodAccessorImpl.java:62)
	at sun.reflect.DelegatingMethodAccessorImpl.invoke(DelegatingMethodAccessorImpl.java:43)
	at java.lang.reflect.Method.invoke(Method.java:498)
	at org.testng.internal.MethodInvocationHelper.invokeMethod(MethodInvocationHelper.java:108)
	at org.testng.internal.Invoker.invokeMethod(Invoker.java:661)
	at org.testng.internal.Invoker.invokeTestMethod(Invoker.java:869)
	at org.testng.internal.Invoker.invokeTestMethods(Invoker.java:1193)
	at org.testng.internal.TestMethodWorker.invokeTestMethods(TestMethodWorker.java:126)
	at org.testng.internal.TestMethodWorker.run(TestMethodWorker.java:109)
	at org.testng.TestRunner.privateRun(TestRunner.java:744)
	at org.testng.TestRunner.run(TestRunner.java:602)
	at org.testng.SuiteRunner.runTest(SuiteRunner.java:380)
	at org.testng.SuiteRunner.runSequentially(SuiteRunner.java:375)
	at org.testng.SuiteRunner.privateRun(SuiteRunner.java:340)
	at org.testng.SuiteRunner.run(SuiteRunner.java:289)
	at org.testng.SuiteRunnerWorker.runSuite(SuiteRunnerWorker.java:52)
	at org.testng.SuiteRunnerWorker.run(SuiteRunnerWorker.java:86)
	at org.testng.TestNG.runSuitesSequentially(TestNG.java:1301)
	at org.testng.TestNG.runSuitesLocally(TestNG.java:1226)
	at org.testng.TestNG.runSuites(TestNG.java:1144)
	at org.testng.TestNG.run(TestNG.java:1115)
	at org.apache.maven.surefire.testng.TestNGExecutor.run(TestNGExecutor.java:295)
	at org.apache.maven.surefire.testng.TestNGXmlTestSuite.execute(TestNGXmlTestSuite.java:84)
	at org.apache.maven.surefire.testng.TestNGProvider.invoke(TestNGProvider.java:90)
	at org.apache.maven.surefire.booter.ForkedBooter.invokeProviderInSameClassLoader(ForkedBooter.java:203)
	at org.apache.maven.surefire.booter.ForkedBooter.runSuitesInProcess(ForkedBooter.java:155)
	at org.apache.maven.surefire.booter.ForkedBooter.main(ForkedBooter.java:103)
Caused by: org.openqa.selenium.NoSuchElementException: Can't locate an element by this strategy: Locator map: 
- native content: "By.id: ButtonMore0" 
- html content: "by id or name "More_icon""
For documentation on this error, please visit: http://seleniumhq.org/exceptions/no_such_element.html
Build info: version: '2.53.0', revision: '35ae25b1534ae328c771e0856c93e187490ca824', time: '2016-03-15 10:43:46'
System info: host: 'ind126.local', ip: '10.2.6.73', os.name: 'Mac OS X', os.arch: 'x86_64', os.version: '10.11.6', java.version: '1.8.0_161'
Driver info: driver.version: unknown
	at io.appium.java_client.pagefactory.AppiumElementLocator.findElement(AppiumElementLocator.java:110)
	at io.appium.java_client.pagefactory.interceptors.InterceptorOfASingleElement.intercept(InterceptorOfASingleElement.java:57)
	at io.appium.java_client.ios.IOSElement$$EnhancerByCGLIB$$184e91dc.toString(<generated>)
	at java.lang.String.valueOf(String.java:2994)
	at java.lang.StringBuilder.append(StringBuilder.java:131)
	at org.openqa.selenium.support.ui.ExpectedConditions$10.toString(ExpectedConditions.java:293)
	at org.openqa.selenium.support.ui.FluentWait.until(FluentWait.java:257)
	at com.quickee.screens.ProfileScreen.clickOnMoreOptions(ProfileScreen.java:67)
	at com.quickee.steps.Edit_Quickee.SelectEdit(Edit_Quickee.java:23)
	at ✽.And Tap on More options button and select Edit post option to Edit quickee post(BCreateQuickee.feature:72)
]]></failure>
    <system-out><![CDATA[@QuickeePost
Feature: Acceptance testing of Quickee Post by Creating, Editing a post.
Tap on Ok
Swipe :DOWN
Swipe :DOWN
Swipe :DOWN
Tap on Ok

  #	@CreateQuickeeAnonymously
  #Scenario: As a User I want to able to create a Quickee
  # Given Click on Login link on Get Started Screen
  # Then Tap on EmailAddress button on Welcome Screen
  #  When Enter Email and Password and click on Sign In button
  # And Click on addnew link from Latest Quickees Screen
  # And Click on Anonymously icon from QuickeeTypeScreen
  # And Click on Next button
  # Then User will navigate to Map view screen and select any one Store
  # Then Add Title and Description to that selected store and tap on Next button
  # Then User will get the preview screen and tap on next button
  # Then User will provide rating to the quickee
  # Then User will provide Quickee badge and then tap on Post quickee button
  #  And Click on Profile link from Latest Quickees Screen
  # And Click on Settings icon from profile Screen
  # And Click on LogOut tab
  # Then User should be successfully LogOut
  @CreateQuickeeWithImage
  Scenario: As a Registered User, i want to tap on Add new icon so that i can create a Quickee post with Image &amp#27;[90m# BCreateQuickee.feature:25&amp#27;[0m
    &amp#27;[32mGiven &amp#27;[0m&amp#27;[32mClick on Login link on Get Started Screen&amp#27;[0m                                                            &amp#27;[90m# LoginSteps.goToLoginScreen()&amp#27;[0m
    &amp#27;[32mThen &amp#27;[0m&amp#27;[32mTap on EmailAddress button on Welcome Screen&amp#27;[0m                                                          &amp#27;[90m# LoginSteps.taponEmailAddress()&amp#27;[0m
    &amp#27;[32mWhen &amp#27;[0m&amp#27;[32mEnter Email and Password and click on Sign In button&amp#27;[0m                                                  &amp#27;[90m# LoginSteps.enterEmailAndPassword()&amp#27;[0m
    &amp#27;[32mAnd &amp#27;[0m&amp#27;[32mClick on addnew link from Latest Quickees Screen&amp#27;[0m                                                       &amp#27;[90m# Create_Quickee.click_on_addnew_link_from_Latest_Quickees_Screen()&amp#27;[0m
    &amp#27;[32mAnd &amp#27;[0m&amp#27;[32mClick on Anonymously icon from QuickeeTypeScreen&amp#27;[0m                                                       &amp#27;[90m# Create_Quickee.click_on_Anonymously_icon_from_QuickeeTypeScreen()&amp#27;[0m
    &amp#27;[32mAnd &amp#27;[0m&amp#27;[32mClick on Next button&amp#27;[0m                                                                                   &amp#27;[90m# Create_Quickee.click_on_Next_button()&amp#27;[0m
    &amp#27;[32mThen &amp#27;[0m&amp#27;[32mUser will navigate to Map view screen and select any one Store&amp#27;[0m                                        &amp#27;[90m# Create_Quickee.User_will_navigate_to_Map_view_screen_and_select_any_one_Store()&amp#27;[0m
    &amp#27;[32mThen &amp#27;[0m&amp#27;[32mAdd Title and Description to that selected store and tap on Next button&amp#27;[0m                               &amp#27;[90m# Create_Quickee.Add_Title_and_Description_to_that_selected_store_and_tap_on_Next_button()&amp#27;[0m
    &amp#27;[32mAnd &amp#27;[0m&amp#27;[32mTap on Image icon and select an image from gallery to upload&amp#27;[0m                                           &amp#27;[90m# QuickeeWithImage.AddImage()&amp#27;[0m
    &amp#27;[32mThen &amp#27;[0m&amp#27;[32mUser will get the preview screen and tap on next button&amp#27;[0m                                               &amp#27;[90m# Create_Quickee.User_will_get_the_preview_screen_and_tap_on_next_button()&amp#27;[0m
    &amp#27;[32mThen &amp#27;[0m&amp#27;[32mUser will provide rating to the quickee&amp#27;[0m                                                               &amp#27;[90m# Create_Quickee.User_will_provide_rating_to_the_quickee()&amp#27;[0m
    &amp#27;[32mThen &amp#27;[0m&amp#27;[32mUser will provide Quickee badge and then tap on Post quickee button&amp#27;[0m                                   &amp#27;[90m# Create_Quickee.User_will_provide_Quickee_badge_and_then_tap_on_Post_quickee_button()&amp#27;[0m
Tap on Ok

  #  And Click on Profile link from Latest Quickees Screen
  # And Click on Settings icon from profile Screen
  # And Click on LogOut tab
  # Then User should be successfully LogOut
  #  @CreateQuickeeWithVideo
  # Scenario: As a Registered User, i want to tap on Add new icon so that i can create a Quickee post with Image
  #  Given Click on Login link on Get Started Screen
  #   Then Tap on EmailAddress button on Welcome Screen
  #   When Enter Email and Password and click on Sign In button
  #   And Click on addnew link from Latest Quickees Screen
  #   And Click on Anonymously icon from QuickeeTypeScreen
  #   And Click on Next button
  #   Then User will navigate to Map view screen and select any one Store
  #  Then Add Title and Description to that selected store and tap on Next button
  #  And Tap on Image icon and select an video from gallery to upload
  #   Then User will get the preview screen and tap on next button
  #   Then User will provide rating to the quickee
  #   Then User will provide Quickee badge and then tap on Post quickee button
  #    And Click on Profile link from Latest Quickees Screen
  #   And Click on Settings icon from profile Screen
  #   And Click on LogOut tab
  #  Then User should be successfully LogOut
  @EditQuickee
  Scenario: As a Registered User, i want to tap on More Options from Profile screen so that i can select Edit option to edit quickee post. &amp#27;[90m# BCreateQuickee.feature:66&amp#27;[0m
    &amp#27;[32mGiven &amp#27;[0m&amp#27;[32mClick on Login link on Get Started Screen&amp#27;[0m                                                                                        &amp#27;[90m# LoginSteps.goToLoginScreen()&amp#27;[0m
    &amp#27;[32mThen &amp#27;[0m&amp#27;[32mTap on EmailAddress button on Welcome Screen&amp#27;[0m                                                                                      &amp#27;[90m# LoginSteps.taponEmailAddress()&amp#27;[0m
    &amp#27;[32mWhen &amp#27;[0m&amp#27;[32mEnter Email and Password and click on Sign In button&amp#27;[0m                                                                              &amp#27;[90m# LoginSteps.enterEmailAndPassword()&amp#27;[0m
    &amp#27;[32mAnd &amp#27;[0m&amp#27;[32mClick on Profile link from Latest Quickees Screen&amp#27;[0m                                                                                  &amp#27;[90m# LoginSteps.goToProfile()&amp#27;[0m
    &amp#27;[31mAnd &amp#27;[0m&amp#27;[31mTap on More options button and select Edit post option to Edit quickee post&amp#27;[0m                                                        &amp#27;[90m# Edit_Quickee.SelectEdit()&amp#27;[0m
      &amp#27;[31morg.openqa.selenium.NoSuchElementException: Can't locate an element by this strategy: Locator map: 
      - native content: "By.id: ButtonMore0" 
      - html content: "by id or name "More_icon""
      For documentation on this error, please visit: http://seleniumhq.org/exceptions/no_such_element.html
      Build info: version: '2.53.0', revision: '35ae25b1534ae328c771e0856c93e187490ca824', time: '2016-03-15 10:43:46'
      System info: host: 'ind126.local', ip: '10.2.6.73', os.name: 'Mac OS X', os.arch: 'x86_64', os.version: '10.11.6', java.version: '1.8.0_161'
      Driver info: driver.version: unknown
      	at io.appium.java_client.pagefactory.AppiumElementLocator.findElement(AppiumElementLocator.java:110)
      	at io.appium.java_client.pagefactory.interceptors.InterceptorOfASingleElement.intercept(InterceptorOfASingleElement.java:57)
      	at io.appium.java_client.ios.IOSElement$$EnhancerByCGLIB$$184e91dc.toString(<generated>)
      	at java.lang.String.valueOf(String.java:2994)
      	at java.lang.StringBuilder.append(StringBuilder.java:131)
      	at org.openqa.selenium.support.ui.ExpectedConditions$10.toString(ExpectedConditions.java:293)
      	at org.openqa.selenium.support.ui.FluentWait.until(FluentWait.java:257)
      	at com.quickee.screens.ProfileScreen.clickOnMoreOptions(ProfileScreen.java:67)
      	at com.quickee.steps.Edit_Quickee.SelectEdit(Edit_Quickee.java:23)
      	at ✽.And Tap on More options button and select Edit post option to Edit quickee post(BCreateQuickee.feature:72)
      &amp#27;[0m
    &amp#27;[36mThen &amp#27;[0m&amp#27;[36mAdd text/Description/image and tap on Save button to save quickee post&amp#27;[0m                                                            &amp#27;[90m# Edit_Quickee.SelectSave()&amp#27;[0m
]]></system-out>
  </testcase>
</testsuite>