<?xml version="1.0" encoding="UTF-8"?>
<!-- Generated by org.testng.reporters.JUnitReportReporter -->
<testsuite skipped="0" hostname="ind126.local" name="com.quickee.steps.RunCuke" tests="2" failures="0" timestamp="01 May 2018 09:36:36 GMT" time="731.790" errors="0">
  <testcase name="feature" time="410.732" classname="com.quickee.steps.RunCuke"/>
  <testcase name="feature" time="321.058" classname="com.quickee.steps.RunCuke"/>
</testsuite> <!-- com.quickee.steps.RunCuke -->
