<?xml version="1.0" encoding="UTF-8"?>
<!-- Generated by org.testng.reporters.JUnitReportReporter -->
<testsuite skipped="0" hostname="ind126.local" name="com.quickee.steps.RunCuke" tests="2" failures="0" timestamp="23 Apr 2018 09:17:19 GMT" time="285.650" errors="0">
  <testcase name="feature" time="116.904" classname="com.quickee.steps.RunCuke"/>
  <testcase name="feature" time="168.746" classname="com.quickee.steps.RunCuke"/>
</testsuite> <!-- com.quickee.steps.RunCuke -->
