<?xml version="1.0" encoding="UTF-8"?>
<!-- Generated by org.testng.reporters.JUnitReportReporter -->
<testsuite skipped="0" hostname="ind126.local" name="com.quickee.steps.RunCuke" tests="4" failures="0" timestamp="22 May 2018 06:52:33 GMT" time="1337.121" errors="0">
  <testcase name="feature" time="439.103" classname="com.quickee.steps.RunCuke"/>
  <testcase name="feature" time="355.823" classname="com.quickee.steps.RunCuke"/>
  <testcase name="feature" time="155.232" classname="com.quickee.steps.RunCuke"/>
  <testcase name="feature" time="386.963" classname="com.quickee.steps.RunCuke"/>
</testsuite> <!-- com.quickee.steps.RunCuke -->
