<?xml version="1.0" encoding="UTF-8"?>
<!-- Generated by org.testng.reporters.JUnitReportReporter -->
<testsuite skipped="0" hostname="ind126.local" name="com.quickee.steps.RunCuke" tests="4" failures="0" timestamp="25 May 2018 10:02:55 GMT" time="2239.617" errors="0">
  <testcase name="feature" time="531.871" classname="com.quickee.steps.RunCuke"/>
  <testcase name="feature" time="592.282" classname="com.quickee.steps.RunCuke"/>
  <testcase name="feature" time="415.096" classname="com.quickee.steps.RunCuke"/>
  <testcase name="feature" time="700.368" classname="com.quickee.steps.RunCuke"/>
</testsuite> <!-- com.quickee.steps.RunCuke -->
