<?xml version="1.0" encoding="UTF-8"?>
<!-- Generated by org.testng.reporters.JUnitReportReporter -->
<testsuite skipped="0" hostname="ind126.local" name="com.quickee.steps.RunCuke" tests="4" failures="0" timestamp="24 May 2018 12:55:07 GMT" time="1599.229" errors="0">
  <testcase name="feature" time="418.796" classname="com.quickee.steps.RunCuke"/>
  <testcase name="feature" time="532.373" classname="com.quickee.steps.RunCuke"/>
  <testcase name="feature" time="457.732" classname="com.quickee.steps.RunCuke"/>
  <testcase name="feature" time="190.328" classname="com.quickee.steps.RunCuke"/>
</testsuite> <!-- com.quickee.steps.RunCuke -->
