<?xml version="1.0" encoding="UTF-8"?>
<!-- Generated by org.testng.reporters.JUnitReportReporter -->
<testsuite skipped="0" hostname="ind126.local" name="com.quickee.steps.RunCuke" tests="4" failures="0" timestamp="23 May 2018 07:58:49 GMT" time="1619.259" errors="0">
  <testcase name="feature" time="464.858" classname="com.quickee.steps.RunCuke"/>
  <testcase name="feature" time="474.324" classname="com.quickee.steps.RunCuke"/>
  <testcase name="feature" time="528.579" classname="com.quickee.steps.RunCuke"/>
  <testcase name="feature" time="151.498" classname="com.quickee.steps.RunCuke"/>
</testsuite> <!-- com.quickee.steps.RunCuke -->
