<?xml version="1.0" encoding="UTF-8"?>
<!-- Generated by org.testng.reporters.JUnitReportReporter -->
<testsuite skipped="0" hostname="ind126.local" name="com.quickee.steps.RunCuke" tests="1" failures="0" timestamp="15 May 2018 09:35:09 GMT" time="370.471" errors="0">
  <testcase name="feature" time="370.471" classname="com.quickee.steps.RunCuke"/>
</testsuite> <!-- com.quickee.steps.RunCuke -->
